INFO: Running with entropic power schedule (0xFF, 100).
INFO: Seed: 1131538267
INFO: Loaded 1 modules   (131 inline 8-bit counters): 131 [0x86c5a8, 0x86c62b), 
INFO: Loaded 1 PC tables (131 PCs): 131 [0x76eb08,0x76f338), 
MERGE-OUTER: 3284 files, 0 in the initial corpus, 0 processed earlier
MERGE-OUTER: attempt 1
INFO: Running with entropic power schedule (0xFF, 100).
INFO: Seed: 1131577634
INFO: Loaded 1 modules   (131 inline 8-bit counters): 131 [0x86c5a8, 0x86c62b), 
INFO: Loaded 1 PC tables (131 PCs): 131 [0x76eb08,0x76f338), 
INFO: -max_len is not provided; libFuzzer will not generate inputs larger than 1048576 bytes
MERGE-INNER: using the control file '/tmp/libFuzzerTemp.Merge553.txt'
MERGE-INNER: 3284 total files; 0 processed earlier; will process 3284 files now
#1	pulse  cov: 24 ft: 25 exec/s: 0 rss: 28Mb
#2	pulse  cov: 26 ft: 27 exec/s: 0 rss: 28Mb
#4	pulse  cov: 29 ft: 31 exec/s: 0 rss: 28Mb
#8	pulse  cov: 33 ft: 35 exec/s: 0 rss: 28Mb
#16	pulse  cov: 41 ft: 45 exec/s: 0 rss: 28Mb
#32	pulse  cov: 45 ft: 51 exec/s: 0 rss: 28Mb
#64	pulse  cov: 65 ft: 71 exec/s: 0 rss: 28Mb
#128	pulse  cov: 72 ft: 78 exec/s: 0 rss: 28Mb
#256	pulse  cov: 88 ft: 123 exec/s: 0 rss: 28Mb
#512	pulse  cov: 90 ft: 142 exec/s: 0 rss: 28Mb
#1024	pulse  cov: 103 ft: 218 exec/s: 0 rss: 28Mb
#2048	pulse  cov: 103 ft: 324 exec/s: 0 rss: 29Mb
#3284	DONE   cov: 103 ft: 457 exec/s: 0 rss: 29Mb
MERGE-OUTER: successful in 1 attempt(s)
MERGE-OUTER: the control file has 464889 bytes
MERGE-OUTER: consumed 0Mb (31Mb rss) to parse the control file
MERGE-OUTER: 250 new files with 457 new features added; 103 new coverage edges
