INFO: Running with entropic power schedule (0xFF, 100).
INFO: Seed: 2972682102
INFO: Loaded 1 modules   (128 inline 8-bit counters): 128 [0x64fc68, 0x64fce8), 
INFO: Loaded 1 PC tables (128 PCs): 128 [0x5d1a68,0x5d2268), 
MERGE-OUTER: 4022 files, 0 in the initial corpus, 0 processed earlier
MERGE-OUTER: attempt 1
INFO: Running with entropic power schedule (0xFF, 100).
INFO: Seed: 2972740319
INFO: Loaded 1 modules   (128 inline 8-bit counters): 128 [0x64fc68, 0x64fce8), 
INFO: Loaded 1 PC tables (128 PCs): 128 [0x5d1a68,0x5d2268), 
INFO: -max_len is not provided; libFuzzer will not generate inputs larger than 1048576 bytes
MERGE-INNER: using the control file '/tmp/libFuzzerTemp.Merge566.txt'
MERGE-INNER: 4022 total files; 0 processed earlier; will process 4022 files now
#1	pulse  cov: 21 ft: 22 exec/s: 0 rss: 28Mb
#2	pulse  cov: 23 ft: 24 exec/s: 0 rss: 28Mb
#4	pulse  cov: 29 ft: 30 exec/s: 0 rss: 28Mb
#8	pulse  cov: 33 ft: 34 exec/s: 0 rss: 28Mb
#16	pulse  cov: 43 ft: 47 exec/s: 0 rss: 28Mb
#32	pulse  cov: 52 ft: 58 exec/s: 0 rss: 28Mb
#64	pulse  cov: 61 ft: 67 exec/s: 0 rss: 28Mb
#128	pulse  cov: 74 ft: 81 exec/s: 0 rss: 28Mb
#256	pulse  cov: 90 ft: 128 exec/s: 0 rss: 28Mb
#512	pulse  cov: 91 ft: 143 exec/s: 0 rss: 28Mb
#1024	pulse  cov: 104 ft: 213 exec/s: 0 rss: 28Mb
#2048	pulse  cov: 104 ft: 284 exec/s: 0 rss: 28Mb
#4022	DONE   cov: 104 ft: 450 exec/s: 0 rss: 29Mb
MERGE-OUTER: successful in 1 attempt(s)
MERGE-OUTER: the control file has 529461 bytes
MERGE-OUTER: consumed 0Mb (31Mb rss) to parse the control file
MERGE-OUTER: 245 new files with 450 new features added; 104 new coverage edges
