INFO: Running with entropic power schedule (0xFF, 100).
INFO: Seed: 863346043
INFO: Loaded 1 modules   (521 inline 8-bit counters): 521 [0x886ea0, 0x8870a9), 
INFO: Loaded 1 PC tables (521 PCs): 521 [0x7829e0,0x784a70), 
MERGE-OUTER: 7914 files, 0 in the initial corpus, 0 processed earlier
MERGE-OUTER: attempt 1
INFO: Running with entropic power schedule (0xFF, 100).
INFO: Seed: 863385843
INFO: Loaded 1 modules   (521 inline 8-bit counters): 521 [0x886ea0, 0x8870a9), 
INFO: Loaded 1 PC tables (521 PCs): 521 [0x7829e0,0x784a70), 
INFO: -max_len is not provided; libFuzzer will not generate inputs larger than 1048576 bytes
MERGE-INNER: using the control file '/tmp/libFuzzerTemp.Merge806.txt'
MERGE-INNER: 7914 total files; 0 processed earlier; will process 7914 files now
#1	pulse  cov: 27 ft: 28 exec/s: 0 rss: 31Mb
#2	pulse  cov: 29 ft: 30 exec/s: 0 rss: 31Mb
#4	pulse  cov: 34 ft: 37 exec/s: 0 rss: 31Mb
#8	pulse  cov: 38 ft: 41 exec/s: 0 rss: 31Mb
#16	pulse  cov: 46 ft: 49 exec/s: 0 rss: 31Mb
#32	pulse  cov: 74 ft: 78 exec/s: 0 rss: 31Mb
#64	pulse  cov: 108 ft: 112 exec/s: 0 rss: 31Mb
#128	pulse  cov: 144 ft: 178 exec/s: 0 rss: 31Mb
#256	pulse  cov: 239 ft: 344 exec/s: 0 rss: 31Mb
#512	pulse  cov: 288 ft: 574 exec/s: 0 rss: 32Mb
#1024	pulse  cov: 317 ft: 816 exec/s: 0 rss: 32Mb
#2048	pulse  cov: 321 ft: 1026 exec/s: 0 rss: 32Mb
#4096	pulse  cov: 326 ft: 1254 exec/s: 0 rss: 32Mb
#7914	DONE   cov: 326 ft: 1585 exec/s: 219 rss: 47Mb
MERGE-OUTER: successful in 1 attempt(s)
MERGE-OUTER: the control file has 1044035 bytes
MERGE-OUTER: consumed 0Mb (31Mb rss) to parse the control file
MERGE-OUTER: 715 new files with 1585 new features added; 326 new coverage edges
