INFO: Running with entropic power schedule (0xFF, 100).
INFO: Seed: 2782054991
INFO: Loaded 1 modules   (40 inline 8-bit counters): 40 [0x874978, 0x8749a0), 
INFO: Loaded 1 PC tables (40 PCs): 40 [0x776460,0x7766e0), 
MERGE-OUTER: 4713 files, 0 in the initial corpus, 0 processed earlier
MERGE-OUTER: attempt 1
INFO: Running with entropic power schedule (0xFF, 100).
INFO: Seed: 2782111276
INFO: Loaded 1 modules   (40 inline 8-bit counters): 40 [0x874978, 0x8749a0), 
INFO: Loaded 1 PC tables (40 PCs): 40 [0x776460,0x7766e0), 
INFO: -max_len is not provided; libFuzzer will not generate inputs larger than 1048576 bytes
MERGE-INNER: using the control file '/tmp/libFuzzerTemp.Merge610.txt'
MERGE-INNER: 4713 total files; 0 processed earlier; will process 4713 files now
#1	pulse  cov: 20 ft: 21 exec/s: 0 rss: 29Mb
#2	pulse  cov: 21 ft: 22 exec/s: 0 rss: 29Mb
#4	pulse  cov: 21 ft: 22 exec/s: 0 rss: 29Mb
#8	pulse  cov: 21 ft: 22 exec/s: 0 rss: 29Mb
#16	pulse  cov: 21 ft: 23 exec/s: 0 rss: 29Mb
#32	pulse  cov: 21 ft: 23 exec/s: 0 rss: 29Mb
#64	pulse  cov: 22 ft: 26 exec/s: 0 rss: 29Mb
#128	pulse  cov: 22 ft: 26 exec/s: 0 rss: 29Mb
#256	pulse  cov: 22 ft: 26 exec/s: 0 rss: 29Mb
#512	pulse  cov: 23 ft: 27 exec/s: 0 rss: 29Mb
#1024	pulse  cov: 23 ft: 28 exec/s: 0 rss: 29Mb
#2048	pulse  cov: 23 ft: 30 exec/s: 0 rss: 29Mb
#4096	pulse  cov: 27 ft: 38 exec/s: 0 rss: 29Mb
#4713	DONE   cov: 27 ft: 38 exec/s: 0 rss: 30Mb
MERGE-OUTER: successful in 1 attempt(s)
MERGE-OUTER: the control file has 614533 bytes
MERGE-OUTER: consumed 0Mb (32Mb rss) to parse the control file
MERGE-OUTER: 15 new files with 38 new features added; 27 new coverage edges
