INFO: Running with entropic power schedule (0xFF, 100).
INFO: Seed: 2080319328
INFO: Loaded 1 modules   (521 inline 8-bit counters): 521 [0x885a68, 0x885c71), 
INFO: Loaded 1 PC tables (521 PCs): 521 [0x7818e0,0x783970), 
MERGE-OUTER: 14935 files, 0 in the initial corpus, 0 processed earlier
MERGE-OUTER: attempt 1
INFO: Running with entropic power schedule (0xFF, 100).
INFO: Seed: 2080392299
INFO: Loaded 1 modules   (521 inline 8-bit counters): 521 [0x885a68, 0x885c71), 
INFO: Loaded 1 PC tables (521 PCs): 521 [0x7818e0,0x783970), 
INFO: -max_len is not provided; libFuzzer will not generate inputs larger than 1048576 bytes
MERGE-INNER: using the control file '/tmp/libFuzzerTemp.Merge553.txt'
MERGE-INNER: 14935 total files; 0 processed earlier; will process 14935 files now
#1	pulse  cov: 25 ft: 26 exec/s: 0 rss: 33Mb
#2	pulse  cov: 27 ft: 28 exec/s: 0 rss: 33Mb
#4	pulse  cov: 29 ft: 30 exec/s: 0 rss: 33Mb
#8	pulse  cov: 44 ft: 46 exec/s: 0 rss: 33Mb
#16	pulse  cov: 54 ft: 56 exec/s: 0 rss: 33Mb
#32	pulse  cov: 74 ft: 76 exec/s: 0 rss: 33Mb
#64	pulse  cov: 110 ft: 114 exec/s: 0 rss: 33Mb
#128	pulse  cov: 162 ft: 192 exec/s: 0 rss: 33Mb
#256	pulse  cov: 241 ft: 352 exec/s: 0 rss: 33Mb
#512	pulse  cov: 288 ft: 552 exec/s: 0 rss: 33Mb
#1024	pulse  cov: 318 ft: 787 exec/s: 0 rss: 33Mb
#2048	pulse  cov: 322 ft: 1024 exec/s: 0 rss: 33Mb
#4096	pulse  cov: 326 ft: 1265 exec/s: 0 rss: 34Mb
#8192	pulse  cov: 329 ft: 1513 exec/s: 8192 rss: 39Mb
#14935	DONE   cov: 333 ft: 1680 exec/s: 39 rss: 1755Mb
MERGE-OUTER: successful in 1 attempt(s)
MERGE-OUTER: the control file has 2029222 bytes
MERGE-OUTER: consumed 1Mb (34Mb rss) to parse the control file
MERGE-OUTER: 756 new files with 1680 new features added; 333 new coverage edges
