INFO: Running with entropic power schedule (0xFF, 100).
INFO: Seed: 388663603
INFO: Loaded 1 modules   (30 inline 8-bit counters): 30 [0x654678, 0x654696), 
INFO: Loaded 1 PC tables (30 PCs): 30 [0x5d51c0,0x5d53a0), 
MERGE-OUTER: 13076 files, 0 in the initial corpus, 0 processed earlier
MERGE-OUTER: attempt 1
INFO: Running with entropic power schedule (0xFF, 100).
INFO: Seed: 388722846
INFO: Loaded 1 modules   (30 inline 8-bit counters): 30 [0x654678, 0x654696), 
INFO: Loaded 1 PC tables (30 PCs): 30 [0x5d51c0,0x5d53a0), 
INFO: -max_len is not provided; libFuzzer will not generate inputs larger than 1048576 bytes
MERGE-INNER: using the control file '/tmp/libFuzzerTemp.Merge494.txt'
MERGE-INNER: 13076 total files; 0 processed earlier; will process 13076 files now
#1	pulse  cov: 13 ft: 14 exec/s: 0 rss: 32Mb
#2	pulse  cov: 15 ft: 16 exec/s: 0 rss: 32Mb
#4	pulse  cov: 18 ft: 19 exec/s: 0 rss: 32Mb
#8	pulse  cov: 18 ft: 19 exec/s: 0 rss: 32Mb
#16	pulse  cov: 18 ft: 19 exec/s: 0 rss: 32Mb
#32	pulse  cov: 20 ft: 21 exec/s: 0 rss: 32Mb
#64	pulse  cov: 20 ft: 21 exec/s: 0 rss: 32Mb
#128	pulse  cov: 20 ft: 21 exec/s: 0 rss: 32Mb
#256	pulse  cov: 21 ft: 22 exec/s: 0 rss: 32Mb
#512	pulse  cov: 21 ft: 22 exec/s: 0 rss: 32Mb
#1024	pulse  cov: 21 ft: 24 exec/s: 0 rss: 32Mb
#2048	pulse  cov: 21 ft: 25 exec/s: 0 rss: 32Mb
#4096	pulse  cov: 21 ft: 27 exec/s: 0 rss: 32Mb
#8192	pulse  cov: 21 ft: 28 exec/s: 0 rss: 32Mb
#13076	DONE   cov: 21 ft: 28 exec/s: 13076 rss: 32Mb
MERGE-OUTER: successful in 1 attempt(s)
MERGE-OUTER: the control file has 1599599 bytes
MERGE-OUTER: consumed 0Mb (31Mb rss) to parse the control file
MERGE-OUTER: 11 new files with 28 new features added; 21 new coverage edges
