INFO: Running with entropic power schedule (0xFF, 100).
INFO: Seed: 645967269
INFO: Loaded 1 modules   (521 inline 8-bit counters): 521 [0x886f08, 0x887111), 
INFO: Loaded 1 PC tables (521 PCs): 521 [0x782978,0x784a08), 
MERGE-OUTER: 21462 files, 0 in the initial corpus, 0 processed earlier
MERGE-OUTER: attempt 1
INFO: Running with entropic power schedule (0xFF, 100).
INFO: Seed: 646082461
INFO: Loaded 1 modules   (521 inline 8-bit counters): 521 [0x886f08, 0x887111), 
INFO: Loaded 1 PC tables (521 PCs): 521 [0x782978,0x784a08), 
INFO: -max_len is not provided; libFuzzer will not generate inputs larger than 1048576 bytes
MERGE-INNER: using the control file '/tmp/libFuzzerTemp.Merge698.txt'
MERGE-INNER: 21462 total files; 0 processed earlier; will process 21462 files now
#1	pulse  cov: 26 ft: 27 exec/s: 0 rss: 33Mb
#2	pulse  cov: 28 ft: 29 exec/s: 0 rss: 33Mb
#4	pulse  cov: 30 ft: 31 exec/s: 0 rss: 33Mb
#8	pulse  cov: 34 ft: 35 exec/s: 0 rss: 33Mb
#16	pulse  cov: 44 ft: 45 exec/s: 0 rss: 33Mb
#32	pulse  cov: 62 ft: 63 exec/s: 0 rss: 33Mb
#64	pulse  cov: 109 ft: 113 exec/s: 0 rss: 33Mb
#128	pulse  cov: 162 ft: 195 exec/s: 0 rss: 33Mb
#256	pulse  cov: 243 ft: 343 exec/s: 0 rss: 33Mb
#512	pulse  cov: 284 ft: 524 exec/s: 0 rss: 33Mb
#1024	pulse  cov: 317 ft: 779 exec/s: 0 rss: 33Mb
#2048	pulse  cov: 323 ft: 913 exec/s: 0 rss: 33Mb
#4096	pulse  cov: 332 ft: 1193 exec/s: 0 rss: 33Mb
#8192	pulse  cov: 333 ft: 1363 exec/s: 0 rss: 33Mb
#16384	pulse  cov: 333 ft: 1631 exec/s: 1092 rss: 184Mb
#21462	DONE   cov: 333 ft: 1746 exec/s: 57 rss: 1377Mb
MERGE-OUTER: successful in 1 attempt(s)
MERGE-OUTER: the control file has 2709277 bytes
MERGE-OUTER: consumed 1Mb (35Mb rss) to parse the control file
MERGE-OUTER: 828 new files with 1746 new features added; 333 new coverage edges
