INFO: Running with entropic power schedule (0xFF, 100).
INFO: Seed: 2168003888
INFO: Loaded 1 modules   (66 inline 8-bit counters): 66 [0x5598f8, 0x55993a), 
INFO: Loaded 1 PC tables (66 PCs): 66 [0x51b578,0x51b998), 
MERGE-OUTER: 876 files, 0 in the initial corpus, 0 processed earlier
MERGE-OUTER: attempt 1
INFO: Running with entropic power schedule (0xFF, 100).
INFO: Seed: 2168020748
INFO: Loaded 1 modules   (66 inline 8-bit counters): 66 [0x5598f8, 0x55993a), 
INFO: Loaded 1 PC tables (66 PCs): 66 [0x51b578,0x51b998), 
INFO: -max_len is not provided; libFuzzer will not generate inputs larger than 1048576 bytes
MERGE-INNER: using the control file '/tmp/libFuzzerTemp.Merge1010.txt'
MERGE-INNER: 876 total files; 0 processed earlier; will process 876 files now
#1	pulse  cov: 4 ft: 5 exec/s: 0 rss: 27Mb
#2	pulse  cov: 5 ft: 6 exec/s: 0 rss: 27Mb
#4	pulse  cov: 7 ft: 8 exec/s: 0 rss: 27Mb
#8	pulse  cov: 11 ft: 12 exec/s: 0 rss: 27Mb
#16	pulse  cov: 20 ft: 21 exec/s: 0 rss: 27Mb
#32	pulse  cov: 32 ft: 38 exec/s: 0 rss: 27Mb
#64	pulse  cov: 48 ft: 56 exec/s: 0 rss: 27Mb
#128	pulse  cov: 63 ft: 77 exec/s: 0 rss: 27Mb
#256	pulse  cov: 64 ft: 114 exec/s: 0 rss: 27Mb
#512	pulse  cov: 64 ft: 170 exec/s: 0 rss: 27Mb
#876	DONE   cov: 64 ft: 254 exec/s: 0 rss: 27Mb
MERGE-OUTER: successful in 1 attempt(s)
MERGE-OUTER: the control file has 107318 bytes
MERGE-OUTER: consumed 0Mb (27Mb rss) to parse the control file
MERGE-OUTER: 246 new files with 254 new features added; 64 new coverage edges
