INFO: Running with entropic power schedule (0xFF, 100).
INFO: Seed: 2375911571
INFO: Loaded 1 modules   (156 inline 8-bit counters): 156 [0x65a398, 0x65a434), 
INFO: Loaded 1 PC tables (156 PCs): 156 [0x5d9810,0x5da1d0), 
MERGE-OUTER: 48329 files, 0 in the initial corpus, 0 processed earlier
MERGE-OUTER: attempt 1
INFO: Running with entropic power schedule (0xFF, 100).
INFO: Seed: 2376154483
INFO: Loaded 1 modules   (156 inline 8-bit counters): 156 [0x65a398, 0x65a434), 
INFO: Loaded 1 PC tables (156 PCs): 156 [0x5d9810,0x5da1d0), 
INFO: -max_len is not provided; libFuzzer will not generate inputs larger than 1048576 bytes
MERGE-INNER: using the control file '/tmp/libFuzzerTemp.Merge610.txt'
MERGE-INNER: 48329 total files; 0 processed earlier; will process 48329 files now
#1	pulse  cov: 42 ft: 43 exec/s: 0 rss: 38Mb
#2	pulse  cov: 44 ft: 45 exec/s: 0 rss: 38Mb
#4	pulse  cov: 50 ft: 56 exec/s: 0 rss: 38Mb
#8	pulse  cov: 53 ft: 62 exec/s: 0 rss: 38Mb
#16	pulse  cov: 56 ft: 65 exec/s: 0 rss: 38Mb
#32	pulse  cov: 69 ft: 79 exec/s: 0 rss: 38Mb
#64	pulse  cov: 87 ft: 97 exec/s: 0 rss: 38Mb
#128	pulse  cov: 90 ft: 101 exec/s: 0 rss: 38Mb
#256	pulse  cov: 99 ft: 113 exec/s: 0 rss: 38Mb
#512	pulse  cov: 108 ft: 127 exec/s: 0 rss: 38Mb
#1024	pulse  cov: 114 ft: 149 exec/s: 0 rss: 38Mb
#2048	pulse  cov: 118 ft: 193 exec/s: 0 rss: 38Mb
#4096	pulse  cov: 127 ft: 253 exec/s: 0 rss: 38Mb
#8192	pulse  cov: 129 ft: 314 exec/s: 0 rss: 38Mb
#16384	pulse  cov: 130 ft: 374 exec/s: 16384 rss: 38Mb
#32768	pulse  cov: 130 ft: 443 exec/s: 16384 rss: 39Mb
#48329	DONE   cov: 130 ft: 468 exec/s: 8054 rss: 39Mb
MERGE-OUTER: successful in 1 attempt(s)
MERGE-OUTER: the control file has 6046576 bytes
MERGE-OUTER: consumed 3Mb (45Mb rss) to parse the control file
MERGE-OUTER: 226 new files with 468 new features added; 130 new coverage edges
