INFO: Running with entropic power schedule (0xFF, 100).
INFO: Seed: 1836337633
INFO: Loaded 1 modules   (20 inline 8-bit counters): 20 [0x652d80, 0x652d94), 
INFO: Loaded 1 PC tables (20 PCs): 20 [0x5d48d8,0x5d4a18), 
MERGE-OUTER: 8676 files, 0 in the initial corpus, 0 processed earlier
MERGE-OUTER: attempt 1
INFO: Running with entropic power schedule (0xFF, 100).
INFO: Seed: 1836382302
INFO: Loaded 1 modules   (20 inline 8-bit counters): 20 [0x652d80, 0x652d94), 
INFO: Loaded 1 PC tables (20 PCs): 20 [0x5d48d8,0x5d4a18), 
INFO: -max_len is not provided; libFuzzer will not generate inputs larger than 1048576 bytes
MERGE-INNER: using the control file '/tmp/libFuzzerTemp.Merge754.txt'
MERGE-INNER: 8676 total files; 0 processed earlier; will process 8676 files now
#1	pulse  cov: 11 ft: 12 exec/s: 0 rss: 29Mb
#2	pulse  cov: 11 ft: 12 exec/s: 0 rss: 29Mb
#4	pulse  cov: 12 ft: 13 exec/s: 0 rss: 29Mb
#8	pulse  cov: 14 ft: 15 exec/s: 0 rss: 29Mb
#16	pulse  cov: 14 ft: 15 exec/s: 0 rss: 29Mb
#32	pulse  cov: 16 ft: 17 exec/s: 0 rss: 29Mb
#64	pulse  cov: 16 ft: 17 exec/s: 0 rss: 29Mb
#128	pulse  cov: 16 ft: 17 exec/s: 0 rss: 29Mb
#256	pulse  cov: 16 ft: 17 exec/s: 0 rss: 29Mb
#512	pulse  cov: 17 ft: 18 exec/s: 0 rss: 29Mb
#1024	pulse  cov: 17 ft: 20 exec/s: 0 rss: 29Mb
#2048	pulse  cov: 17 ft: 22 exec/s: 0 rss: 29Mb
#4096	pulse  cov: 17 ft: 24 exec/s: 0 rss: 29Mb
#8192	pulse  cov: 17 ft: 25 exec/s: 0 rss: 30Mb
#8676	DONE   cov: 17 ft: 25 exec/s: 0 rss: 30Mb
MERGE-OUTER: successful in 1 attempt(s)
MERGE-OUTER: the control file has 1026179 bytes
MERGE-OUTER: consumed 0Mb (32Mb rss) to parse the control file
MERGE-OUTER: 13 new files with 25 new features added; 17 new coverage edges
