INFO: Running with entropic power schedule (0xFF, 100).
INFO: Seed: 3461078481
INFO: Loaded 1 modules   (60 inline 8-bit counters): 60 [0x883cb0, 0x883cec), 
INFO: Loaded 1 PC tables (60 PCs): 60 [0x7863a0,0x786760), 
MERGE-OUTER: 54 files, 0 in the initial corpus, 0 processed earlier
MERGE-OUTER: attempt 1
INFO: Running with entropic power schedule (0xFF, 100).
INFO: Seed: 3461096621
INFO: Loaded 1 modules   (60 inline 8-bit counters): 60 [0x883cb0, 0x883cec), 
INFO: Loaded 1 PC tables (60 PCs): 60 [0x7863a0,0x786760), 
INFO: -max_len is not provided; libFuzzer will not generate inputs larger than 1048576 bytes
MERGE-INNER: using the control file '/tmp/libFuzzerTemp.Merge717.txt'
MERGE-INNER: 54 total files; 0 processed earlier; will process 54 files now
#1	pulse  cov: 25 ft: 26 exec/s: 0 rss: 27Mb
#2	pulse  cov: 26 ft: 27 exec/s: 0 rss: 27Mb
#4	pulse  cov: 33 ft: 36 exec/s: 0 rss: 27Mb
#8	pulse  cov: 33 ft: 42 exec/s: 0 rss: 27Mb
#16	pulse  cov: 33 ft: 46 exec/s: 0 rss: 27Mb
#32	pulse  cov: 39 ft: 66 exec/s: 0 rss: 27Mb
#54	DONE   cov: 39 ft: 115 exec/s: 0 rss: 28Mb
DLXEmu version 0.1.0 -
DLXEmu version 0.1.0 -
MERGE-OUTER: successful in 1 attempt(s)
MERGE-OUTER: the control file has 6935 bytes
MERGE-OUTER: consumed 0Mb (28Mb rss) to parse the control file
MERGE-OUTER: 26 new files with 115 new features added; 39 new coverage edges
